<?xml version="1.0" encoding="UTF-8"?>
<testsuite name="org.ptaxhexagonal.infrastructure.ConsultaPtaxBacenAdapterTest" tests="4" skipped="0" failures="0" errors="0" timestamp="2025-05-27T01:54:24.284Z" hostname="ULTRAKLEYTON" time="0.045">
  <properties/>
  <testcase name="deve retornar null para data futura sem cotação()" classname="org.ptaxhexagonal.infrastructure.ConsultaPtaxBacenAdapterTest" time="0.034"/>
  <testcase name="deve retornar null para data inválida()" classname="org.ptaxhexagonal.infrastructure.ConsultaPtaxBacenAdapterTest" time="0.003"/>
  <testcase name="deve retornar ptax para data válida com cotação disponível()" classname="org.ptaxhexagonal.infrastructure.ConsultaPtaxBacenAdapterTest" time="0.003"/>
  <testcase name="deve retornar null para data em formato incorreto()" classname="org.ptaxhexagonal.infrastructure.ConsultaPtaxBacenAdapterTest" time="0.002"/>
  <system-out><![CDATA[2025-05-26 22:54:24 [Test worker] INFO  o.p.i.ConsultaPtaxBacenAdapter - Consultando PTAX para a data: 12-31-2099
2025-05-26 22:54:24 [Test worker] WARN  o.p.i.ConsultaPtaxBacenAdapter - Data inválida fornecida pelo usuário: 12-31-2099. Esperado: yyyy-MM-dd
2025-05-26 22:54:24 [Test worker] INFO  o.p.i.ConsultaPtaxBacenAdapter - Consultando PTAX para a data: data-invalida
2025-05-26 22:54:24 [Test worker] WARN  o.p.i.ConsultaPtaxBacenAdapter - Data inválida fornecida pelo usuário: data-invalida. Esperado: yyyy-MM-dd
2025-05-26 22:54:24 [Test worker] INFO  o.p.i.ConsultaPtaxBacenAdapter - Consultando PTAX para a data: 05-16-2025
2025-05-26 22:54:24 [Test worker] WARN  o.p.i.ConsultaPtaxBacenAdapter - Data inválida fornecida pelo usuário: 05-16-2025. Esperado: yyyy-MM-dd
2025-05-26 22:54:24 [Test worker] INFO  o.p.i.ConsultaPtaxBacenAdapter - Consultando PTAX para a data: 2025/05/16
2025-05-26 22:54:24 [Test worker] WARN  o.p.i.ConsultaPtaxBacenAdapter - Data inválida fornecida pelo usuário: 2025/05/16. Esperado: yyyy-MM-dd
]]></system-out>
  <system-err><![CDATA[]]></system-err>
</testsuite>
